\BOOKMARK [0][-]{chapter*.3}{Resumo}{}% 1
\BOOKMARK [0][-]{section*.6}{\315ndice}{}% 2
\BOOKMARK [0][-]{section*.7}{\315ndice de figuras}{}% 3
\BOOKMARK [0][-]{section*.8}{\315ndice de tabelas}{}% 4
\BOOKMARK [0][-]{chapter*.9}{Acr\363nimos}{}% 5
\BOOKMARK [0][-]{chapter.1}{Introdu\347\343o}{}% 6
\BOOKMARK [1][-]{section.1.1}{Enquadramento}{chapter.1}% 7
\BOOKMARK [1][-]{section.1.2}{Apresenta\347\343o da empresa}{chapter.1}% 8
\BOOKMARK [1][-]{section.1.3}{Objetivos}{chapter.1}% 9
\BOOKMARK [1][-]{section.1.4}{Calendariza\347\343o}{chapter.1}% 10
\BOOKMARK [1][-]{section.1.5}{Organiza\347\343o do relat\363rio}{chapter.1}% 11
\BOOKMARK [0][-]{chapter.2}{Contexto}{}% 12
\BOOKMARK [1][-]{section.2.1}{Estado da arte}{chapter.2}% 13
\BOOKMARK [2][-]{subsection.2.1.1}{SAP ERP}{section.2.1}% 14
\BOOKMARK [2][-]{subsection.2.1.2}{Primavera Executive}{section.2.1}% 15
\BOOKMARK [2][-]{subsection.2.1.3}{Microsoft Dynamics}{section.2.1}% 16
\BOOKMARK [1][-]{section.2.2}{Tabela comparativa}{chapter.2}% 17
\BOOKMARK [1][-]{section.2.3}{Op\347\343o escolhida}{chapter.2}% 18
\BOOKMARK [1][-]{section.2.4}{Analise das op\347\365es dispon\355veis}{chapter.2}% 19
\BOOKMARK [1][-]{section.2.5}{Resumo final das op\347\365es tomadas}{chapter.2}% 20
\BOOKMARK [0][-]{chapter.3}{Requisitos}{}% 21
\BOOKMARK [1][-]{section.3.1}{Pr\351-projeto}{chapter.3}% 22
\BOOKMARK [1][-]{section.3.2}{Estudo do sistema existente}{chapter.3}% 23
\BOOKMARK [1][-]{section.3.3}{Modo de implementa\347\343o do projeto}{chapter.3}% 24
\BOOKMARK [1][-]{section.3.4}{\332ltimo levantamento de requisito}{chapter.3}% 25
\BOOKMARK [1][-]{section.3.5}{Lista final de requisitos}{chapter.3}% 26
\BOOKMARK [0][-]{chapter.4}{Proje\347\343o do Sistema de Informa\347\343o}{}% 27
\BOOKMARK [1][-]{section.4.1}{Planeamento do projeto}{chapter.4}% 28
\BOOKMARK [1][-]{section.4.2}{Design da nova base de dados}{chapter.4}% 29
\BOOKMARK [1][-]{section.4.3}{Aplica\347\343o}{chapter.4}% 30
\BOOKMARK [1][-]{section.4.4}{Casos de uso do sistema}{chapter.4}% 31
\BOOKMARK [2][-]{subsection.4.4.1}{Aplica\347\343o F\341brica: Menu Inicial}{section.4.4}% 32
\BOOKMARK [2][-]{subsection.4.4.2}{Aplica\347\343o F\341brica: Registo de Ponto}{section.4.4}% 33
\BOOKMARK [2][-]{subsection.4.4.3}{Aplica\347\343o F\341brica: Registo de recolha}{section.4.4}% 34
\BOOKMARK [2][-]{subsection.4.4.4}{Aplica\347\343o F\341brica: Produ\347\343o}{section.4.4}% 35
\BOOKMARK [2][-]{subsection.4.4.5}{Aplica\347\343o F\341brica: Registo de Produto Acabado}{section.4.4}% 36
\BOOKMARK [2][-]{subsection.4.4.6}{Aplica\347\343o F\341brica: Registo de Sa\355da de Produto Acabado}{section.4.4}% 37
\BOOKMARK [2][-]{subsection.4.4.7}{Aplica\347\343o F\341brica: 2\252 Via do c\363digo de barras}{section.4.4}% 38
\BOOKMARK [2][-]{subsection.4.4.8}{Aplica\347\343o F\341brica: Completar recolha}{section.4.4}% 39
\BOOKMARK [2][-]{subsection.4.4.9}{Aplica\347\343o Painel - Nota introdut\363ria}{section.4.4}% 40
\BOOKMARK [2][-]{subsection.4.4.10}{Aplica\347\343o Painel: Listagem}{section.4.4}% 41
\BOOKMARK [2][-]{subsection.4.4.11}{Aplica\347\343o Painel: Inserir}{section.4.4}% 42
\BOOKMARK [2][-]{subsection.4.4.12}{Aplica\347\343o Painel: Editar}{section.4.4}% 43
\BOOKMARK [2][-]{subsection.4.4.13}{Aplica\347\343o Painel: Apagar}{section.4.4}% 44
\BOOKMARK [2][-]{subsection.4.4.14}{Aplica\347\343o Painel: Desativar/Ativar}{section.4.4}% 45
\BOOKMARK [2][-]{subsection.4.4.15}{Aplica\347\343o Painel: 2\252 via c\363digo de barras}{section.4.4}% 46
\BOOKMARK [2][-]{subsection.4.4.16}{Aplica\347\343o F\341brica: Executar Analise}{section.4.4}% 47
\BOOKMARK [1][-]{section.4.5}{Script de verifica\347\343o da integridade de informa\347\343o}{chapter.4}% 48
\BOOKMARK [2][-]{subsection.4.5.1}{Principio de funcionamento}{section.4.5}% 49
\BOOKMARK [2][-]{subsection.4.5.2}{Objetivo de execu\347\343o}{section.4.5}% 50
\BOOKMARK [0][-]{chapter.5}{Desenvolvimento e implementa\347\343o}{}% 51
\BOOKMARK [1][-]{section.5.1}{Desenvolvimento da primeira fase do projeto}{chapter.5}% 52
\BOOKMARK [2][-]{subsection.5.1.1}{Primeira subsec\347\343o do Cap\355tulo 5}{section.5.1}% 53
\BOOKMARK [0][-]{chapter.6}{Conclus\365es}{}% 54
\BOOKMARK [1][-]{section.6.1}{Resumo do relat\363rio}{chapter.6}% 55
\BOOKMARK [1][-]{section.6.2}{Objetivos realizados}{chapter.6}% 56
\BOOKMARK [1][-]{section.6.3}{Limita\347\365es e trabalho futuro}{chapter.6}% 57
\BOOKMARK [1][-]{section.6.4}{Aprecia\347\343o final}{chapter.6}% 58
\BOOKMARK [0][-]{appendix.A}{Documento com as alternativas para a administra\347\343o escolher }{}% 59
