\BOOKMARK [0][-]{chapter*.3}{Resumo}{}% 1
\BOOKMARK [0][-]{section*.6}{\315ndice}{}% 2
\BOOKMARK [0][-]{section*.7}{\315ndice de figuras}{}% 3
\BOOKMARK [0][-]{section*.8}{\315ndice de tabelas}{}% 4
\BOOKMARK [0][-]{chapter*.9}{Acr\363nimos}{}% 5
\BOOKMARK [0][-]{chapter.1}{Introdu\347\343o}{}% 6
\BOOKMARK [1][-]{section.1.1}{Enquadramento}{chapter.1}% 7
\BOOKMARK [1][-]{section.1.2}{Apresenta\347\343o da empresa}{chapter.1}% 8
\BOOKMARK [1][-]{section.1.3}{Objetivos}{chapter.1}% 9
\BOOKMARK [1][-]{section.1.4}{Calendariza\347\343o}{chapter.1}% 10
\BOOKMARK [1][-]{section.1.5}{Organiza\347\343o do relat\363rio}{chapter.1}% 11
\BOOKMARK [0][-]{chapter.2}{Contexto}{}% 12
\BOOKMARK [1][-]{section.2.1}{Estado da arte}{chapter.2}% 13
\BOOKMARK [1][-]{section.2.2}{Solu\347\365es j\341 existentes}{chapter.2}% 14
\BOOKMARK [1][-]{section.2.3}{Objetivo global}{chapter.2}% 15
\BOOKMARK [0][-]{chapter.3}{Planeamento do Projeto}{}% 16
\BOOKMARK [1][-]{section.3.1}{Pr\351-projeto}{chapter.3}% 17
\BOOKMARK [1][-]{section.3.2}{Desindexa\347\343o de requisitos}{chapter.3}% 18
\BOOKMARK [1][-]{section.3.3}{Lista final de requisitos}{chapter.3}% 19
\BOOKMARK [1][-]{section.3.4}{Metodologia de gest\343o de Projetos}{chapter.3}% 20
\BOOKMARK [1][-]{section.3.5}{Plataforma e ferramentas de desenvolvimento}{chapter.3}% 21
\BOOKMARK [2][-]{subsection.3.5.1}{Linguagens de Programa\347\343o}{section.3.5}% 22
\BOOKMARK [2][-]{subsection.3.5.2}{Base de dados}{section.3.5}% 23
\BOOKMARK [2][-]{subsection.3.5.3}{Versionamento}{section.3.5}% 24
\BOOKMARK [0][-]{chapter.4}{Proje\347\343o do Sistema de Informa\347\343o}{}% 25
\BOOKMARK [1][-]{section.4.1}{Planeamento do projeto}{chapter.4}% 26
\BOOKMARK [0][-]{chapter.5}{T\355tulo Cap\355tulo 5}{}% 27
\BOOKMARK [1][-]{section.5.1}{Primeira sec\347\343o do Cap\355tulo 5}{chapter.5}% 28
\BOOKMARK [2][-]{subsection.5.1.1}{Primeira subsec\347\343o do Cap\355tulo 5}{section.5.1}% 29
\BOOKMARK [1][-]{section.5.2}{Conclus\343o do Cap\355tulo 5}{chapter.5}% 30
\BOOKMARK [0][-]{chapter.6}{Conclus\365es}{}% 31
\BOOKMARK [1][-]{section.6.1}{Resumo do relat\363rio}{chapter.6}% 32
\BOOKMARK [1][-]{section.6.2}{Objetivos realizados}{chapter.6}% 33
\BOOKMARK [1][-]{section.6.3}{Limita\347\365es e trabalho futuro}{chapter.6}% 34
\BOOKMARK [1][-]{section.6.4}{Aprecia\347\343o final}{chapter.6}% 35
\BOOKMARK [0][-]{chapter*.15}{Refer\352ncias Bibliogr\341ficas}{}% 36
\BOOKMARK [0][-]{appendix.A}{Conte\372do em Anexos}{}% 37
\BOOKMARK [0][-]{appendix.B}{T\355tulo do Anexo B}{}% 38
\BOOKMARK [0][-]{appendix.C}{T\355tulo do Anexo C}{}% 39
